<?xml version="1.0" encoding="UTF-8"?>
<!-- Generated by org.testng.reporters.JUnitReportReporter -->
<testsuite skipped="0" hostname="DESKTOP-FV94HB3" name="com.testng.ParallelRun" tests="2" failures="0" timestamp="2023-01-25T00:20:12 IST" time="6.058" errors="0">
  <testcase name="test1" time="3.563" classname="com.testng.ParallelRun"/>
  <system-out/>
  <testcase name="test2" time="2.495" classname="com.testng.ParallelRun"/>
  <system-out/>
</testsuite> <!-- com.testng.ParallelRun -->
