<?xml version="1.0" encoding="UTF-8"?>
<!-- Generated by org.testng.reporters.JUnitReportReporter -->
<testsuite hostname="DESKTOP-MDC21AS" failures="0" tests="6" name="testng.Simple_Annotations" time="0.022" errors="0" timestamp="2022-11-15T11:48:50 IST" skipped="0">
  <testcase classname="testng.Simple_Annotations" name="women" time="0.006"/>
  <system-out/>
  <testcase classname="testng.Simple_Annotations" name="shirt" time="0.003"/>
  <system-out/>
  <testcase classname="testng.Simple_Annotations" name="shirt" time="0.003"/>
  <system-out/>
  <testcase classname="testng.Simple_Annotations" name="shirt" time="0.003"/>
  <system-out/>
  <testcase classname="testng.Simple_Annotations" name="men" time="0.003"/>
  <system-out/>
  <testcase classname="testng.Simple_Annotations" name="kids" time="0.004"/>
  <system-out/>
</testsuite> <!-- testng.Simple_Annotations -->
