<?xml version="1.0" encoding="UTF-8"?>
<!-- Generated by org.testng.reporters.JUnitReportReporter -->
<testsuite hostname="DESKTOP-MDC21AS" failures="0" tests="3" name="testng.Ignore_Concept" time="0.008" errors="0" timestamp="2022-11-16T16:18:56 IST" skipped="1">
  <testcase classname="testng.Ignore_Concept" name="vegmeals" time="0.001"/>
  <system-out/>
  <testcase classname="testng.Ignore_Concept" name="chickenBurger" time="0.007"/>
  <system-out/>
  <testcase classname="testng.Ignore_Concept" name="curdrice">
    <skipped/>
  </testcase> <!-- curdrice -->
  <system-out/>
</testsuite> <!-- testng.Ignore_Concept -->
