<?xml version="1.0" encoding="UTF-8"?>
<!-- Generated by org.testng.reporters.JUnitReportReporter -->
<testsuite hostname="DESKTOP-MDC21AS" failures="0" tests="3" name="com.testng.Dataprovider_Concept" time="0.009" errors="0" timestamp="2022-11-17T13:45:01 IST" skipped="0">
  <testcase classname="com.testng.Dataprovider_Concept" name="credentials" time="0.001"/>
  <system-out/>
  <testcase classname="com.testng.Dataprovider_Concept" name="credentials" time="0.001"/>
  <system-out/>
  <testcase classname="com.testng.Dataprovider_Concept" name="credentials" time="0.007"/>
  <system-out/>
</testsuite> <!-- com.testng.Dataprovider_Concept -->
