<?xml version="1.0" encoding="UTF-8"?>
<!-- Generated by org.testng.reporters.JUnitReportReporter -->
<testsuite hostname="DESKTOP-MDC21AS" failures="0" tests="1" name="testng.Expected_Exceptions_Concept" time="0.009" errors="0" timestamp="2022-11-17T11:55:45 IST" skipped="0">
  <testcase classname="testng.Expected_Exceptions_Concept" name="demo" time="0.009"/>
  <system-out/>
</testsuite> <!-- testng.Expected_Exceptions_Concept -->
