<?xml version="1.0" encoding="UTF-8"?>
<!-- Generated by org.testng.reporters.JUnitReportReporter -->
<testsuite hostname="DESKTOP-MDC21AS" failures="0" tests="1" name="com.testng.HardAssertCon" time="0.011" errors="0" timestamp="2022-11-18T12:10:37 IST" skipped="0">
  <testcase classname="com.testng.HardAssertCon" name="demo" time="0.011"/>
  <system-out/>
</testsuite> <!-- com.testng.HardAssertCon -->
