<?xml version="1.0" encoding="UTF-8"?>
<!-- Generated by org.testng.reporters.JUnitReportReporter -->
<testsuite hostname="DESKTOP-MDC21AS" failures="0" tests="2" name="testng.Grouping" time="0.009" errors="0" timestamp="2022-11-16T16:50:00 IST" skipped="0">
  <testcase classname="testng.Grouping" name="laptop" time="0.007"/>
  <system-out/>
  <testcase classname="testng.Grouping" name="mobile" time="0.002"/>
  <system-out/>
</testsuite> <!-- testng.Grouping -->
