<?xml version="1.0" encoding="UTF-8"?>
<!-- Generated by org.testng.reporters.JUnitReportReporter -->
<testsuite hostname="DESKTOP-MDC21AS" failures="0" tests="1" name="com.testng.Timeout_Concept" time="5.045" errors="0" timestamp="2022-11-17T13:48:50 IST" skipped="0">
  <testcase classname="com.testng.Timeout_Concept" name="login" time="5.045"/>
  <system-out/>
</testsuite> <!-- com.testng.Timeout_Concept -->
