<?xml version="1.0" encoding="UTF-8"?>
<!-- Generated by org.testng.reporters.JUnitReportReporter -->
<testsuite hostname="DESKTOP-MDC21AS" failures="0" tests="1" name="com.testng.Parametrized" time="0.001" errors="0" timestamp="2022-11-18T11:50:45 IST" skipped="0">
  <testcase classname="com.testng.Parametrized" name="credentials" time="0.001"/>
  <system-out/>
</testsuite> <!-- com.testng.Parametrized -->
