<?xml version="1.0" encoding="UTF-8"?>
<!-- Generated by org.testng.reporters.JUnitReportReporter -->
<testsuite hostname="DESKTOP-MDC21AS" failures="0" tests="1" name="testng.Timeout_Concept" time="5.023" errors="0" timestamp="2022-11-17T11:43:31 IST" skipped="0">
  <testcase classname="testng.Timeout_Concept" name="login" time="5.023"/>
  <system-out/>
</testsuite> <!-- testng.Timeout_Concept -->
